<?xml version="1.0" encoding="UTF-8"?>
<!-- Generated by org.testng.reporters.JUnitReportReporter -->
<testsuite hostname="DESKTOP-UE7RBIH" failures="1" tests="1" name="runner.test_runner" time="16.901" errors="0" timestamp="3 Nov 2022 06:55:30 GMT">
  <testcase classname="runner.test_runner" name="runScenario" time="16.901">
    <failure message="expected [OrangeHRM] but found [Paul Collings]" type="java.lang.AssertionError">
      <![CDATA[java.lang.AssertionError: expected [OrangeHRM] but found [Paul Collings]
	at org.testng.Assert.fail(Assert.java:94)
	at org.testng.Assert.failNotEquals(Assert.java:513)
	at org.testng.Assert.assertEqualsImpl(Assert.java:135)
	at org.testng.Assert.assertEquals(Assert.java:116)
	at org.testng.Assert.assertEquals(Assert.java:190)
	at org.testng.Assert.assertEquals(Assert.java:200)
	at defination.testdefination.ishould_see_the_username_as(testdefination.java:50)
	at âœ½.Ishould see the username as "Paul Collings"(file:///C:/Users/ADMIN/Documents/workspace-spring-tool-suite-4-4.16.0.RELEASE/testcucumber/src/test/resources/login/login.feature:10)
]]>
    </failure>
  </testcase> <!-- runScenario -->
</testsuite> <!-- runner.test_runner -->
